<?xml version="1.0" encoding="UTF-8"?>
<!-- Generated by org.testng.reporters.JUnitReportReporter -->
<testsuite hostname="SensaWin11" failures="0" tests="4" name="script.TestUserActions" time="13.321" errors="0" timestamp="2025-11-14T11:54:50 IST" skipped="1">
  <testcase classname="script.TestUserActions" name="TestLaunchLambdatest" time="1.791"/>
  <testcase classname="script.TestUserActions" name="TestMainMenu" time="5.699"/>
  <testcase classname="script.TestUserActions" name="TestCommunityMenu" time="5.831"/>
  <testcase classname="script.TestUserActions" name="TestCommunityMenuUsingJS">
    <skipped/>
  </testcase> <!-- TestCommunityMenuUsingJS -->
</testsuite> <!-- script.TestUserActions -->
