<?xml version="1.0" encoding="UTF-8"?>
<testsuite xmlns:xsi="http://www.w3.org/2001/XMLSchema-instance" xsi:noNamespaceSchemaLocation="https://maven.apache.org/surefire/maven-surefire-plugin/xsd/surefire-test-report.xsd" version="3.0.2" name="TestSuite" time="17.896" tests="3" errors="0" skipped="0" failures="0">
  <properties>
[...]
</properties>
  <testcase name="TestLaunchLambdatest" classname="script.TestUserActions" time="1.789">
    <system-err><![CDATA[SLF4J(W): No SLF4J providers were found.
SLF4J(W): Defaulting to no-operation (NOP) logger implementation
SLF4J(W): See https://www.slf4j.org/codes.html#noProviders for further details.
SLF4J(W): Class path contains SLF4J bindings targeting slf4j-api versions 1.7.x or earlier.
SLF4J(W): Ignoring binding found at [jar:file:/C:/Users/WinPro/.m2/repository/org/apache/logging/log4j/log4j-slf4j-impl/2.25.2/log4j-slf4j-impl-2.25.2.jar!/org/slf4j/impl/StaticLoggerBinder.class]
SLF4J(W): See https://www.slf4j.org/codes.html#ignoredBindings for an explanation.
2025-11-14T06:24:37.367281Z main ERROR Reconfiguration failed: No configuration found for '70dea4e' at 'null' in 'null'
]]></system-err>
  </testcase>
  <testcase name="TestMainMenu" classname="script.TestUserActions" time="5.641">
    <system-out><![CDATA[Mouse hover: Resources
Mouse hover: Blog
caption: LambdaTest Blogs
]]></system-out>
  </testcase>
  <testcase name="TestCommunityMenu" classname="script.TestUserActions" time="5.821">
    <system-out><![CDATA[pageCaption 'LambdaTest Community' located @(74, 11)
]]></system-out>
  </testcase>
</testsuite>