<?xml version="1.0" encoding="UTF-8"?>
<testng-results ignored="1" total="4" passed="3" failed="0" skipped="0">
  <reporter-output>
  </reporter-output>
  <suite started-at="2025-11-14T11:54:33 IST" name="Suite" finished-at="2025-11-14T11:54:50 IST" duration-ms="16978">
    <groups>
    </groups>
    <test started-at="2025-11-14T11:54:33 IST" name="TestSequential" finished-at="2025-11-14T11:54:50 IST" duration-ms="16978">
      <class name="script.TestUserActions">
        <test-method is-config="true" signature="beforeClass(java.lang.String)[pri:0, instance:script.TestUserActions@158d2680]" started-at="2025-11-14T11:54:33 IST" name="beforeClass" finished-at="2025-11-14T11:54:36 IST" duration-ms="3058" status="PASS">
          <params>
            <param index="0">
              <value>
                <![CDATA[chrome]]>
              </value>
            </param>
          </params>
          <reporter-output>
          </reporter-output>
        </test-method> <!-- beforeClass -->
        <test-method signature="TestLaunchLambdatest()[pri:1, instance:script.TestUserActions@158d2680]" started-at="2025-11-14T11:54:36 IST" name="TestLaunchLambdatest" finished-at="2025-11-14T11:54:38 IST" duration-ms="1791" status="PASS">
          <reporter-output>
          </reporter-output>
        </test-method> <!-- TestLaunchLambdatest -->
        <test-method signature="TestMainMenu()[pri:2, instance:script.TestUserActions@158d2680]" started-at="2025-11-14T11:54:38 IST" name="TestMainMenu" finished-at="2025-11-14T11:54:44 IST" duration-ms="5699" status="PASS">
          <reporter-output>
          </reporter-output>
        </test-method> <!-- TestMainMenu -->
        <test-method signature="TestCommunityMenu()[pri:3, instance:script.TestUserActions@158d2680]" started-at="2025-11-14T11:54:44 IST" name="TestCommunityMenu" finished-at="2025-11-14T11:54:49 IST" duration-ms="5831" status="PASS">
          <reporter-output>
          </reporter-output>
        </test-method> <!-- TestCommunityMenu -->
        <test-method is-config="true" signature="afterClass()[pri:0, instance:script.TestUserActions@158d2680]" started-at="2025-11-14T11:54:49 IST" name="afterClass" finished-at="2025-11-14T11:54:50 IST" duration-ms="524" status="PASS">
          <reporter-output>
          </reporter-output>
        </test-method> <!-- afterClass -->
      </class> <!-- script.TestUserActions -->
    </test> <!-- TestSequential -->
  </suite> <!-- Suite -->
</testng-results>
