<?xml version="1.0" encoding="UTF-8"?>
<!-- Generated by org.testng.reporters.JUnitXMLReporter -->
<testsuite ignored="1" hostname="SensaWin11" failures="0" tests="3" name="TestSequential" time="16.978" errors="0" timestamp="2025-11-14T11:54:50 IST">
  <testcase classname="script.TestUserActions" name="TestLaunchLambdatest" time="1.791"/>
  <testcase classname="script.TestUserActions" name="TestMainMenu" time="5.699"/>
  <testcase classname="script.TestUserActions" name="TestCommunityMenu" time="5.831"/>
  <testcase classname="script.TestUserActions" name="TestCommunityMenuUsingJS" time="0.0">
    <ignored/>
  </testcase> <!-- TestCommunityMenuUsingJS -->
</testsuite> <!-- TestSequential -->
